<?xml version="1.0" encoding="UTF-8"?>
<!-- Generated by org.testng.reporters.JUnitReportReporter -->
<testsuite hostname="Srinath" failures="0" tests="1" name="com.mln.tests.DemoTest" time="0.059" errors="0" timestamp="2022-07-28T16:19:51 EDT" skipped="0">
  <testcase classname="com.mln.tests.DemoTest" name="testLogin" time="0.059"/>
  <system-out/>
</testsuite> <!-- com.mln.tests.DemoTest -->
